2024-04-02 08:03:10.795 INFO  (main) [   ] o.e.j.u.log Logging initialized @1045ms to org.eclipse.jetty.util.log.Slf4jLog
2024-04-02 08:03:11.062 INFO  (main) [   ] o.e.j.s.Server jetty-9.4.53.v20231009; built: 2023-10-09T12:29:09.265Z; git: 27bde00a0b95a1d5bbee0eae7984f891d2d0f8c9; jvm 22+36-2370
2024-04-02 08:03:11.070 INFO  (main) [   ] o.e.j.d.p.ScanningAppProvider Deployment monitor [file:///C:/Users/Sherwin/OneDrive/CZ4034-IR-Group/indexing_querying/solr-8.11.3/server/contexts/] at interval 0
2024-04-02 08:03:11.535 INFO  (main) [   ] o.e.j.w.StandardDescriptorProcessor NO JSP Support for /solr, did not find org.apache.jasper.servlet.JspServlet
2024-04-02 08:03:11.546 INFO  (main) [   ] o.e.j.s.session DefaultSessionIdManager workerName=node0
2024-04-02 08:03:11.546 INFO  (main) [   ] o.e.j.s.session No SessionScavenger set, using defaults
2024-04-02 08:03:11.549 INFO  (main) [   ] o.e.j.s.session node0 Scavenging every 600000ms
2024-04-02 08:03:11.593 INFO  (main) [   ] o.a.s.s.SolrDispatchFilter Using logger factory org.apache.logging.slf4j.Log4jLoggerFactory
2024-04-02 08:03:11.597 INFO  (main) [   ] o.a.s.s.SolrDispatchFilter  ___      _       Welcome to Apache Solr™ version 8.11.3
2024-04-02 08:03:11.597 INFO  (main) [   ] o.a.s.s.SolrDispatchFilter / __| ___| |_ _   Starting in standalone mode on port 8983
2024-04-02 08:03:11.597 INFO  (main) [   ] o.a.s.s.SolrDispatchFilter \__ \/ _ \ | '_|  Install dir: C:\Users\Sherwin\OneDrive\CZ4034-IR-Group\indexing_querying\solr-8.11.3
2024-04-02 08:03:11.598 INFO  (main) [   ] o.a.s.s.SolrDispatchFilter |___/\___/_|_|    Start time: 2024-04-02T08:03:11.598981700Z
2024-04-02 08:03:11.611 INFO  (main) [   ] o.a.s.c.SolrPaths Using system property solr.solr.home: C:\Users\Sherwin\OneDrive\CZ4034-IR-Group\indexing_querying\solr-8.11.3\server\solr
2024-04-02 08:03:11.611 INFO  (main) [   ] o.a.s.c.SolrXmlConfig Loading container configuration from C:\Users\Sherwin\OneDrive\CZ4034-IR-Group\indexing_querying\solr-8.11.3\server\solr\solr.xml
2024-04-02 08:03:11.675 INFO  (main) [   ] o.a.s.c.SolrXmlConfig MBean server found: com.sun.jmx.mbeanserver.JmxMBeanServer@78452606, but no JMX reporters were configured - adding default JMX reporter.
2024-04-02 08:03:12.238 INFO  (main) [   ] o.a.s.h.c.HttpShardHandlerFactory Host whitelist initialized: WhitelistHostChecker [whitelistHosts=null, whitelistHostCheckingEnabled=true]
2024-04-02 08:03:12.389 WARN  (main) [   ] o.e.j.u.s.S.config Trusting all certificates configured for Client@5bc7e78e[provider=null,keyStore=null,trustStore=null]
2024-04-02 08:03:12.390 WARN  (main) [   ] o.e.j.u.s.S.config No Client EndPointIdentificationAlgorithm configured for Client@5bc7e78e[provider=null,keyStore=null,trustStore=null]
2024-04-02 08:03:12.517 WARN  (main) [   ] o.e.j.u.s.S.config Trusting all certificates configured for Client@4bc33720[provider=null,keyStore=null,trustStore=null]
2024-04-02 08:03:12.518 WARN  (main) [   ] o.e.j.u.s.S.config No Client EndPointIdentificationAlgorithm configured for Client@4bc33720[provider=null,keyStore=null,trustStore=null]
2024-04-02 08:03:12.554 WARN  (main) [   ] o.a.s.c.CoreContainer Not all security plugins configured!  authentication=disabled authorization=disabled.  Solr is only as secure as you make it. Consider configuring authentication/authorization before exposing Solr to users internal or external.  See https://s.apache.org/solrsecurity for more info
2024-04-02 08:03:12.698 INFO  (main) [   ] o.a.s.c.TransientSolrCoreCacheDefault Allocating transient core cache for max 2147483647 cores with initial capacity of 1024
2024-04-02 08:03:12.708 INFO  (main) [   ] o.a.s.h.a.MetricsHistoryHandler No .system collection, keeping metrics history in memory.
2024-04-02 08:03:12.755 INFO  (main) [   ] o.a.s.m.r.SolrJmxReporter JMX monitoring for 'solr.node' (registry 'solr.node') enabled at server: com.sun.jmx.mbeanserver.JmxMBeanServer@78452606
2024-04-02 08:03:12.756 INFO  (main) [   ] o.a.s.m.r.SolrJmxReporter JMX monitoring for 'solr.jvm' (registry 'solr.jvm') enabled at server: com.sun.jmx.mbeanserver.JmxMBeanServer@78452606
2024-04-02 08:03:12.757 INFO  (main) [   ] o.a.s.m.r.SolrJmxReporter JMX monitoring for 'solr.jetty' (registry 'solr.jetty') enabled at server: com.sun.jmx.mbeanserver.JmxMBeanServer@78452606
2024-04-02 08:03:12.788 INFO  (main) [   ] o.a.s.c.CorePropertiesLocator Found 2 core definitions underneath C:\Users\Sherwin\OneDrive\CZ4034-IR-Group\indexing_querying\solr-8.11.3\server\solr
2024-04-02 08:03:12.789 INFO  (main) [   ] o.a.s.c.CorePropertiesLocator Cores are: [restaurantCore, restaurantCore_shard1_replica_n1]
2024-04-02 08:03:12.827 INFO  (coreLoadExecutor-13-thread-1) [   x:restaurantCore] o.a.s.c.SolrResourceLoader Added 61 libs to classloader, from paths: [/C:/Users/Sherwin/OneDrive/CZ4034-IR-Group/indexing_querying/solr-8.11.3/contrib/extraction/lib, /C:/Users/Sherwin/OneDrive/CZ4034-IR-Group/indexing_querying/solr-8.11.3/contrib/langid/lib, /C:/Users/Sherwin/OneDrive/CZ4034-IR-Group/indexing_querying/solr-8.11.3/contrib/velocity/lib, /C:/Users/Sherwin/OneDrive/CZ4034-IR-Group/indexing_querying/solr-8.11.3/dist]
2024-04-02 08:03:13.013 INFO  (coreLoadExecutor-13-thread-1) [   x:restaurantCore] o.a.s.c.SolrConfig Using Lucene MatchVersion: 8.11.3
2024-04-02 08:03:13.018 INFO  (coreLoadExecutor-13-thread-1) [   x:restaurantCore] o.a.s.u.SolrIndexConfig IndexWriter infoStream solr logging is enabled
2024-04-02 08:03:13.048 WARN  (coreLoadExecutor-13-thread-1) [   x:restaurantCore] o.a.s.c.SolrConfig solrconfig.xml: <jmx> is no longer supported, use solr.xml:/metrics/reporter section instead
2024-04-02 08:03:13.079 INFO  (coreLoadExecutor-13-thread-1) [   x:restaurantCore] o.a.s.s.IndexSchema Schema name=restaurant_schema
2024-04-02 08:03:13.095 INFO  (main) [   ] o.e.j.s.h.ContextHandler Started o.e.j.w.WebAppContext@69f63d95{/solr,file:///C:/Users/Sherwin/OneDrive/CZ4034-IR-Group/indexing_querying/solr-8.11.3/server/solr-webapp/webapp/,AVAILABLE}{C:\Users\Sherwin\OneDrive\CZ4034-IR-Group\indexing_querying\solr-8.11.3\server/solr-webapp/webapp}
2024-04-02 08:03:13.110 INFO  (main) [   ] o.e.j.s.AbstractConnector Started ServerConnector@20b5f2ac{HTTP/1.1, (http/1.1, h2c)}{0.0.0.0:8983}
2024-04-02 08:03:13.110 INFO  (main) [   ] o.e.j.s.Server Started @3361ms
2024-04-02 08:03:13.288 INFO  (coreLoadExecutor-13-thread-1) [   x:restaurantCore] o.a.s.r.RestManager Registered ManagedResource impl org.apache.solr.rest.schema.analysis.ManagedSynonymGraphFilterFactory$SynonymManager for path /schema/analysis/synonyms/english
2024-04-02 08:03:13.295 INFO  (coreLoadExecutor-13-thread-1) [   x:restaurantCore] o.a.s.s.IndexSchema Loaded schema restaurant_schema/1.6 with uniqueid field id
2024-04-02 08:03:13.297 INFO  (coreLoadExecutor-13-thread-1) [   x:restaurantCore] o.a.s.r.RestManager Added observer of type org.apache.solr.rest.schema.analysis.ManagedSynonymGraphFilterFactory to existing ManagedResource /schema/analysis/synonyms/english
2024-04-02 08:03:13.343 INFO  (coreLoadExecutor-13-thread-1) [   x:restaurantCore] o.a.s.c.CoreContainer Creating SolrCore 'restaurantCore' using configuration from instancedir C:\Users\Sherwin\OneDrive\CZ4034-IR-Group\indexing_querying\solr-8.11.3\server\solr\restaurantCore, trusted=true
2024-04-02 08:03:13.392 INFO  (coreLoadExecutor-13-thread-1) [   x:restaurantCore] o.a.s.m.r.SolrJmxReporter JMX monitoring for 'solr.core.restaurantCore' (registry 'solr.core.restaurantCore') enabled at server: com.sun.jmx.mbeanserver.JmxMBeanServer@78452606
2024-04-02 08:03:13.426 INFO  (coreLoadExecutor-13-thread-1) [   x:restaurantCore] o.a.s.c.SolrCore [[restaurantCore] ] Opening new SolrCore at [C:\Users\Sherwin\OneDrive\CZ4034-IR-Group\indexing_querying\solr-8.11.3\server\solr\restaurantCore], dataDir=[C:\Users\Sherwin\OneDrive\CZ4034-IR-Group\indexing_querying\solr-8.11.3\server\solr\restaurantCore\data\]
2024-04-02 08:03:13.467 INFO  (coreLoadExecutor-13-thread-1) [   x:restaurantCore] o.a.s.r.XSLTResponseWriter xsltCacheLifetimeSeconds=5
2024-04-02 08:03:13.789 INFO  (coreLoadExecutor-13-thread-1) [   x:restaurantCore] o.a.s.u.UpdateHandler Using UpdateLog implementation: org.apache.solr.update.UpdateLog
2024-04-02 08:03:13.790 INFO  (coreLoadExecutor-13-thread-1) [   x:restaurantCore] o.a.s.u.UpdateLog Initializing UpdateLog: dataDir= defaultSyncLevel=FLUSH numRecordsToKeep=100 maxNumLogsToKeep=10 numVersionBuckets=65536
2024-04-02 08:03:13.807 INFO  (coreLoadExecutor-13-thread-1) [   x:restaurantCore] o.a.s.u.CommitTracker Hard AutoCommit: if uncommitted for 15000ms; 
2024-04-02 08:03:13.808 INFO  (coreLoadExecutor-13-thread-1) [   x:restaurantCore] o.a.s.u.CommitTracker Soft AutoCommit: disabled
2024-04-02 08:03:13.949 INFO  (coreLoadExecutor-13-thread-1) [   x:restaurantCore] o.a.s.r.ManagedResourceStorage File-based storage initialized to use dir: C:\Users\Sherwin\OneDrive\CZ4034-IR-Group\indexing_querying\solr-8.11.3\server\solr\restaurantCore\conf
2024-04-02 08:03:13.954 INFO  (coreLoadExecutor-13-thread-1) [   x:restaurantCore] o.a.s.r.ManagedResourceStorage Loaded LinkedHashMap at path _rest_managed.json using file:dir=C:\Users\Sherwin\OneDrive\CZ4034-IR-Group\indexing_querying\solr-8.11.3\server\solr\restaurantCore\conf
2024-04-02 08:03:13.955 INFO  (coreLoadExecutor-13-thread-1) [   x:restaurantCore] o.a.s.r.ManagedResource Loaded initArgs {} for /rest/managed
2024-04-02 08:03:13.959 INFO  (coreLoadExecutor-13-thread-1) [   x:restaurantCore] o.a.s.r.ManagedResourceStorage Loaded LinkedHashMap at path _schema_analysis_synonyms_english.json using file:dir=C:\Users\Sherwin\OneDrive\CZ4034-IR-Group\indexing_querying\solr-8.11.3\server\solr\restaurantCore\conf
2024-04-02 08:03:13.959 INFO  (coreLoadExecutor-13-thread-1) [   x:restaurantCore] o.a.s.r.ManagedResource Loaded initArgs {ignoreCase=true,format=solr} for /schema/analysis/synonyms/english
2024-04-02 08:03:13.960 INFO  (coreLoadExecutor-13-thread-1) [   x:restaurantCore] o.a.s.r.s.a.ManagedSynonymGraphFilterFactory Loaded 3 synonym mappings for /schema/analysis/synonyms/english
2024-04-02 08:03:13.962 INFO  (coreLoadExecutor-13-thread-1) [   x:restaurantCore] o.a.s.r.ManagedResource Notified 1 observers of /schema/analysis/synonyms/english
2024-04-02 08:03:13.976 INFO  (coreLoadExecutor-13-thread-1) [   x:restaurantCore] o.a.s.h.c.SpellCheckComponent Initializing spell checkers
2024-04-02 08:03:13.985 INFO  (coreLoadExecutor-13-thread-1) [   x:restaurantCore] o.a.s.s.DirectSolrSpellChecker init: {name=default,field=text,classname=solr.DirectSolrSpellChecker,distanceMeasure=internal,accuracy=0.5,maxQueryFrequency=0.01,maxEdits=2,minPrefix=1,maxInspections=5,minQueryLength=4}
2024-04-02 08:03:13.995 INFO  (coreLoadExecutor-13-thread-1) [   x:restaurantCore] o.a.s.h.c.SuggestComponent Initializing SuggestComponent
2024-04-02 08:03:13.998 INFO  (coreLoadExecutor-13-thread-1) [   x:restaurantCore] o.a.s.s.s.SolrSuggester init: {name=mySuggester,lookupImpl=FuzzyLookupFactory,dictionaryImpl=DocumentDictionaryFactory,field=cat,weightField=price,suggestAnalyzerFieldType=string,buildOnStartup=false}
2024-04-02 08:03:14.016 INFO  (coreLoadExecutor-13-thread-1) [   x:restaurantCore] o.a.s.s.s.SolrSuggester Dictionary loaded with params: {name=mySuggester,lookupImpl=FuzzyLookupFactory,dictionaryImpl=DocumentDictionaryFactory,field=cat,weightField=price,suggestAnalyzerFieldType=string,buildOnStartup=false}
2024-04-02 08:03:14.017 INFO  (coreLoadExecutor-13-thread-1) [   x:restaurantCore] o.a.s.h.c.QueryElevationComponent Loading QueryElevation from: C:\Users\Sherwin\OneDrive\CZ4034-IR-Group\indexing_querying\solr-8.11.3\server\solr\restaurantCore\conf\elevate.xml
2024-04-02 08:03:14.038 INFO  (coreLoadExecutor-13-thread-1) [   x:restaurantCore] o.a.s.h.ReplicationHandler Commits will be reserved for 10000 ms
2024-04-02 08:03:14.059 ERROR (coreContainerWorkExecutor-2-thread-1) [   ] o.a.s.c.CoreContainer Error waiting for SolrCore to be loaded on startup => java.util.concurrent.ExecutionException: org.apache.solr.common.SolrException: Unable to create core [restaurantCore_shard1_replica_n1]
	at java.base/java.util.concurrent.FutureTask.report(FutureTask.java:122)
java.util.concurrent.ExecutionException: org.apache.solr.common.SolrException: Unable to create core [restaurantCore_shard1_replica_n1]
	at java.util.concurrent.FutureTask.report(FutureTask.java:122) ~[?:?]
	at java.util.concurrent.FutureTask.get(FutureTask.java:191) ~[?:?]
	at org.apache.solr.core.CoreContainer.lambda$load$12(CoreContainer.java:913) ~[?:?]
	at com.codahale.metrics.InstrumentedExecutorService$InstrumentedRunnable.run(InstrumentedExecutorService.java:180) ~[metrics-core-4.1.5.jar:4.1.5]
	at java.util.concurrent.Executors$RunnableAdapter.call(Executors.java:572) ~[?:?]
	at java.util.concurrent.FutureTask.run(FutureTask.java:317) ~[?:?]
	at org.apache.solr.common.util.ExecutorUtil$MDCAwareThreadPoolExecutor.lambda$execute$0(ExecutorUtil.java:218) ~[?:?]
	at java.util.concurrent.ThreadPoolExecutor.runWorker(ThreadPoolExecutor.java:1144) ~[?:?]
	at java.util.concurrent.ThreadPoolExecutor$Worker.run(ThreadPoolExecutor.java:642) ~[?:?]
	at java.lang.Thread.run(Thread.java:1570) ~[?:?]
Caused by: org.apache.solr.common.SolrException: Unable to create core [restaurantCore_shard1_replica_n1]
	at org.apache.solr.core.CoreContainer.createFromDescriptor(CoreContainer.java:1484) ~[?:?]
	at org.apache.solr.core.CoreContainer.lambda$load$11(CoreContainer.java:884) ~[?:?]
	at com.codahale.metrics.InstrumentedExecutorService$InstrumentedCallable.call(InstrumentedExecutorService.java:202) ~[metrics-core-4.1.5.jar:4.1.5]
	... 5 more
Caused by: org.apache.solr.common.SolrException: Could not load conf for core restaurantCore_shard1_replica_n1: Error loading solr config from C:\Users\Sherwin\OneDrive\CZ4034-IR-Group\indexing_querying\solr-8.11.3\server\solr\restaurantCore_shard1_replica_n1\conf\solrconfig.xml
	at org.apache.solr.core.ConfigSetService.loadConfigSet(ConfigSetService.java:100) ~[?:?]
	at org.apache.solr.core.CoreContainer.createFromDescriptor(CoreContainer.java:1457) ~[?:?]
	at org.apache.solr.core.CoreContainer.lambda$load$11(CoreContainer.java:884) ~[?:?]
	at com.codahale.metrics.InstrumentedExecutorService$InstrumentedCallable.call(InstrumentedExecutorService.java:202) ~[metrics-core-4.1.5.jar:4.1.5]
	... 5 more
Caused by: org.apache.solr.common.SolrException: Error loading solr config from C:\Users\Sherwin\OneDrive\CZ4034-IR-Group\indexing_querying\solr-8.11.3\server\solr\restaurantCore_shard1_replica_n1\conf\solrconfig.xml
	at org.apache.solr.core.SolrConfig.readFromResourceLoader(SolrConfig.java:163) ~[?:?]
	at org.apache.solr.core.ConfigSetService.createSolrConfig(ConfigSetService.java:123) ~[?:?]
	at org.apache.solr.core.ConfigSetService.loadConfigSet(ConfigSetService.java:95) ~[?:?]
	at org.apache.solr.core.CoreContainer.createFromDescriptor(CoreContainer.java:1457) ~[?:?]
	at org.apache.solr.core.CoreContainer.lambda$load$11(CoreContainer.java:884) ~[?:?]
	at com.codahale.metrics.InstrumentedExecutorService$InstrumentedCallable.call(InstrumentedExecutorService.java:202) ~[metrics-core-4.1.5.jar:4.1.5]
	... 5 more
Caused by: org.apache.solr.core.SolrResourceNotFoundException: Can't find resource 'solrconfig.xml' in classpath or 'C:\Users\Sherwin\OneDrive\CZ4034-IR-Group\indexing_querying\solr-8.11.3\server\solr\restaurantCore_shard1_replica_n1'
	at org.apache.solr.core.SolrResourceLoader.openResource(SolrResourceLoader.java:390) ~[?:?]
	at org.apache.solr.core.SolrConfig.<init>(SolrConfig.java:223) ~[?:?]
	at org.apache.solr.core.SolrConfig.readFromResourceLoader(SolrConfig.java:155) ~[?:?]
	at org.apache.solr.core.ConfigSetService.createSolrConfig(ConfigSetService.java:123) ~[?:?]
	at org.apache.solr.core.ConfigSetService.loadConfigSet(ConfigSetService.java:95) ~[?:?]
	at org.apache.solr.core.CoreContainer.createFromDescriptor(CoreContainer.java:1457) ~[?:?]
	at org.apache.solr.core.CoreContainer.lambda$load$11(CoreContainer.java:884) ~[?:?]
	at com.codahale.metrics.InstrumentedExecutorService$InstrumentedCallable.call(InstrumentedExecutorService.java:202) ~[metrics-core-4.1.5.jar:4.1.5]
	... 5 more
2024-04-02 08:03:14.128 INFO  (searcherExecutor-15-thread-1-processing-x:restaurantCore) [   x:restaurantCore] o.a.s.c.S.Request [restaurantCore]  webapp=null path=null params={q=static+firstSearcher+warming+in+solrconfig.xml&distrib=false&event=firstSearcher} hits=343 status=0 QTime=68
2024-04-02 08:03:14.139 INFO  (searcherExecutor-15-thread-1-processing-x:restaurantCore) [   x:restaurantCore] o.a.s.c.QuerySenderListener QuerySenderListener done.
2024-04-02 08:03:14.139 INFO  (searcherExecutor-15-thread-1-processing-x:restaurantCore) [   x:restaurantCore] o.a.s.h.c.SpellCheckComponent Loading spell index for spellchecker: default
2024-04-02 08:03:14.140 INFO  (searcherExecutor-15-thread-1-processing-x:restaurantCore) [   x:restaurantCore] o.a.s.h.c.SpellCheckComponent Loading spell index for spellchecker: wordbreak
2024-04-02 08:03:14.146 INFO  (searcherExecutor-15-thread-1-processing-x:restaurantCore) [   x:restaurantCore] o.a.s.c.SolrCore [restaurantCore]  Registered new searcher autowarm time: 0 ms
2024-04-02 08:03:16.021 INFO  (qtp2111457497-43) [   ] o.a.s.s.HttpSolrCall HttpSolrCall.init(http://localhost:8983/solr/admin/info/system?wt=json)
2024-04-02 08:03:16.085 INFO  (qtp2111457497-43) [   ] o.a.s.s.HttpSolrCall [admin] webapp=null path=/admin/info/system params={wt=json} status=0 QTime=63
2024-04-02 08:03:25.834 INFO  (qtp2111457497-36) [   ] o.a.s.s.HttpSolrCall HttpSolrCall.init(http://localhost:8983/solr/?null)
2024-04-02 08:03:26.403 INFO  (qtp2111457497-38) [   ] o.a.s.s.HttpSolrCall HttpSolrCall.init(http://localhost:8983/solr/admin/cores?_=1712045006324&indexInfo=false&wt=json)
2024-04-02 08:03:26.403 INFO  (qtp2111457497-43) [   ] o.a.s.s.HttpSolrCall HttpSolrCall.init(http://localhost:8983/solr/admin/info/system?_=1712045006325&wt=json)
2024-04-02 08:03:26.408 INFO  (qtp2111457497-38) [   ] o.a.s.s.HttpSolrCall [admin] webapp=null path=/admin/cores params={indexInfo=false&wt=json&_=1712045006324} status=0 QTime=4
2024-04-02 08:03:26.616 INFO  (qtp2111457497-43) [   ] o.a.s.s.HttpSolrCall [admin] webapp=null path=/admin/info/system params={wt=json&_=1712045006325} status=0 QTime=213
2024-04-02 08:03:26.624 INFO  (qtp2111457497-37) [   ] o.a.s.s.HttpSolrCall HttpSolrCall.init(http://localhost:8983/solr/admin/info/system?_=1712045006325&wt=json)
2024-04-02 08:03:26.766 INFO  (qtp2111457497-37) [   ] o.a.s.s.HttpSolrCall [admin] webapp=null path=/admin/info/system params={wt=json&_=1712045006325} status=0 QTime=142
