[2024-04-02T16:03:09.758+0800][0.010s] CardTable entry size: 512
[2024-04-02T16:03:09.759+0800][0.010s] Using G1
[2024-04-02T16:03:09.891+0800][0.142s] Version: 22+36-2370 (release)
[2024-04-02T16:03:09.891+0800][0.142s] CPUs: 12 total, 12 available
[2024-04-02T16:03:09.891+0800][0.142s] Memory: 16160M
[2024-04-02T16:03:09.891+0800][0.142s] Large Page Support: Disabled
[2024-04-02T16:03:09.891+0800][0.142s] NUMA Support: Disabled
[2024-04-02T16:03:09.891+0800][0.142s] Compressed Oops: Enabled (32-bit)
[2024-04-02T16:03:09.891+0800][0.142s] Heap Region Size: 1M
[2024-04-02T16:03:09.891+0800][0.142s] Heap Min Capacity: 512M
[2024-04-02T16:03:09.891+0800][0.142s] Heap Initial Capacity: 512M
[2024-04-02T16:03:09.891+0800][0.142s] Heap Max Capacity: 512M
[2024-04-02T16:03:09.892+0800][0.143s] Pre-touch: Enabled
[2024-04-02T16:03:09.892+0800][0.143s] Parallel Workers: 10
[2024-04-02T16:03:09.892+0800][0.143s] Concurrent Workers: 3
[2024-04-02T16:03:09.892+0800][0.143s] Concurrent Refinement Workers: 10
[2024-04-02T16:03:09.892+0800][0.143s] Periodic GC: Disabled
[2024-04-02T16:03:09.905+0800][0.156s] CDS archive(s) mapped at: [0x0000022036000000-0x0000022036c60000-0x0000022036c60000), size 12976128, SharedBaseAddress: 0x0000022036000000, ArchiveRelocationMode: 1.
[2024-04-02T16:03:09.905+0800][0.156s] Compressed class space mapped at: 0x0000022037000000-0x0000022077000000, reserved size: 1073741824
[2024-04-02T16:03:09.905+0800][0.156s] Narrow klass base: 0x0000022036000000, Narrow klass shift: 0, Narrow klass range: 0x41000000
[2024-04-02T16:03:10.663+0800][0.914s] GC(0) Pause Young (Normal) (G1 Evacuation Pause)
[2024-04-02T16:03:10.663+0800][0.915s] GC(0) Using 10 workers of 10 for evacuation
[2024-04-02T16:03:10.667+0800][0.918s] GC(0)   Pre Evacuate Collection Set: 0.11ms
[2024-04-02T16:03:10.667+0800][0.918s] GC(0)   Merge Heap Roots: 0.04ms
[2024-04-02T16:03:10.667+0800][0.918s] GC(0)   Evacuate Collection Set: 3.03ms
[2024-04-02T16:03:10.667+0800][0.919s] GC(0)   Post Evacuate Collection Set: 0.54ms
[2024-04-02T16:03:10.667+0800][0.919s] GC(0)   Other: 0.38ms
[2024-04-02T16:03:10.667+0800][0.919s] GC(0) Eden regions: 30->0(39)
[2024-04-02T16:03:10.667+0800][0.919s] GC(0) Survivor regions: 0->4(4)
[2024-04-02T16:03:10.667+0800][0.919s] GC(0) Old regions: 0->3
[2024-04-02T16:03:10.667+0800][0.919s] GC(0) Humongous regions: 4->4
[2024-04-02T16:03:10.667+0800][0.919s] GC(0) Metaspace: 10263K(10496K)->10263K(10496K) NonClass: 9041K(9152K)->9041K(9152K) Class: 1222K(1344K)->1222K(1344K)
[2024-04-02T16:03:10.667+0800][0.919s] GC(0) Pause Young (Normal) (G1 Evacuation Pause) 34M->10M(512M) 4.413ms
[2024-04-02T16:03:10.667+0800][0.919s] GC(0) User=0.00s Sys=0.00s Real=0.00s
[2024-04-02T16:03:11.282+0800][1.533s] GC(1) Pause Young (Normal) (G1 Evacuation Pause)
[2024-04-02T16:03:11.282+0800][1.533s] GC(1) Using 10 workers of 10 for evacuation
[2024-04-02T16:03:11.288+0800][1.539s] GC(1)   Pre Evacuate Collection Set: 0.15ms
[2024-04-02T16:03:11.288+0800][1.539s] GC(1)   Merge Heap Roots: 0.05ms
[2024-04-02T16:03:11.288+0800][1.539s] GC(1)   Evacuate Collection Set: 4.79ms
[2024-04-02T16:03:11.288+0800][1.539s] GC(1)   Post Evacuate Collection Set: 0.89ms
[2024-04-02T16:03:11.288+0800][1.539s] GC(1)   Other: 0.10ms
[2024-04-02T16:03:11.288+0800][1.539s] GC(1) Eden regions: 39->0(49)
[2024-04-02T16:03:11.288+0800][1.539s] GC(1) Survivor regions: 4->6(6)
[2024-04-02T16:03:11.288+0800][1.539s] GC(1) Old regions: 3->11
[2024-04-02T16:03:11.288+0800][1.539s] GC(1) Humongous regions: 4->4
[2024-04-02T16:03:11.288+0800][1.539s] GC(1) Metaspace: 17481K(17792K)->17481K(17792K) NonClass: 15446K(15616K)->15446K(15616K) Class: 2035K(2176K)->2035K(2176K)
[2024-04-02T16:03:11.288+0800][1.540s] GC(1) Pause Young (Normal) (G1 Evacuation Pause) 49M->20M(512M) 6.223ms
[2024-04-02T16:03:11.288+0800][1.540s] GC(1) User=0.00s Sys=0.00s Real=0.01s
[2024-04-02T16:03:11.710+0800][1.961s] GC(2) Pause Young (Concurrent Start) (Metadata GC Threshold)
[2024-04-02T16:03:11.710+0800][1.961s] GC(2) Using 10 workers of 10 for evacuation
[2024-04-02T16:03:11.715+0800][1.967s] GC(2)   Pre Evacuate Collection Set: 0.25ms
[2024-04-02T16:03:11.715+0800][1.967s] GC(2)   Merge Heap Roots: 0.14ms
[2024-04-02T16:03:11.715+0800][1.967s] GC(2)   Evacuate Collection Set: 3.54ms
[2024-04-02T16:03:11.715+0800][1.967s] GC(2)   Post Evacuate Collection Set: 1.06ms
[2024-04-02T16:03:11.715+0800][1.967s] GC(2)   Other: 0.22ms
[2024-04-02T16:03:11.715+0800][1.967s] GC(2) Eden regions: 40->0(80)
[2024-04-02T16:03:11.715+0800][1.967s] GC(2) Survivor regions: 6->6(8)
[2024-04-02T16:03:11.715+0800][1.967s] GC(2) Old regions: 11->18
[2024-04-02T16:03:11.716+0800][1.967s] GC(2) Humongous regions: 4->4
[2024-04-02T16:03:11.716+0800][1.967s] GC(2) Metaspace: 21185K(21504K)->21185K(21504K) NonClass: 18741K(18880K)->18741K(18880K) Class: 2444K(2624K)->2444K(2624K)
[2024-04-02T16:03:11.716+0800][1.967s] GC(2) Pause Young (Concurrent Start) (Metadata GC Threshold) 60M->26M(512M) 5.480ms
[2024-04-02T16:03:11.716+0800][1.967s] GC(2) User=0.02s Sys=0.00s Real=0.01s
[2024-04-02T16:03:11.716+0800][1.967s] GC(3) Concurrent Mark Cycle
[2024-04-02T16:03:11.716+0800][1.967s] GC(3) Concurrent Scan Root Regions
[2024-04-02T16:03:11.718+0800][1.969s] GC(3) Concurrent Scan Root Regions 1.921ms
[2024-04-02T16:03:11.718+0800][1.969s] GC(3) Concurrent Mark
[2024-04-02T16:03:11.718+0800][1.969s] GC(3) Concurrent Mark From Roots
[2024-04-02T16:03:11.718+0800][1.969s] GC(3) Using 3 workers of 3 for marking
[2024-04-02T16:03:11.725+0800][1.977s] GC(3) Concurrent Mark From Roots 7.800ms
[2024-04-02T16:03:11.725+0800][1.977s] GC(3) Concurrent Preclean
[2024-04-02T16:03:11.725+0800][1.977s] GC(3) Concurrent Preclean 0.024ms
[2024-04-02T16:03:11.725+0800][1.977s] GC(3) Pause Remark
[2024-04-02T16:03:11.727+0800][1.979s] GC(3) Pause Remark 28M->28M(512M) 2.115ms
[2024-04-02T16:03:11.727+0800][1.979s] GC(3) User=0.00s Sys=0.00s Real=0.00s
[2024-04-02T16:03:11.727+0800][1.979s] GC(3) Concurrent Mark 10.234ms
[2024-04-02T16:03:11.727+0800][1.979s] GC(3) Concurrent Rebuild Remembered Sets and Scrub Regions
[2024-04-02T16:03:11.731+0800][1.983s] GC(3) Concurrent Rebuild Remembered Sets and Scrub Regions 3.821ms
[2024-04-02T16:03:11.732+0800][1.983s] GC(3) Pause Cleanup
[2024-04-02T16:03:11.732+0800][1.983s] GC(3) Pause Cleanup 28M->28M(512M) 0.150ms
[2024-04-02T16:03:11.732+0800][1.983s] GC(3) User=0.00s Sys=0.00s Real=0.00s
[2024-04-02T16:03:11.732+0800][1.983s] GC(3) Concurrent Clear Claimed Marks
[2024-04-02T16:03:11.732+0800][1.983s] GC(3) Concurrent Clear Claimed Marks 0.048ms
[2024-04-02T16:03:11.732+0800][1.983s] GC(3) Concurrent Cleanup for Next Mark
[2024-04-02T16:03:11.733+0800][1.985s] GC(3) Concurrent Cleanup for Next Mark 1.480ms
[2024-04-02T16:03:11.733+0800][1.985s] GC(3) Concurrent Mark Cycle 18.141ms
[2024-04-02T16:03:12.883+0800][3.135s] GC(4) Pause Young (Prepare Mixed) (G1 Evacuation Pause)
[2024-04-02T16:03:12.883+0800][3.135s] GC(4) Using 10 workers of 10 for evacuation
[2024-04-02T16:03:12.888+0800][3.139s] GC(4)   Pre Evacuate Collection Set: 0.14ms
[2024-04-02T16:03:12.888+0800][3.140s] GC(4)   Merge Heap Roots: 0.04ms
[2024-04-02T16:03:12.888+0800][3.140s] GC(4)   Evacuate Collection Set: 3.53ms
[2024-04-02T16:03:12.888+0800][3.140s] GC(4)   Post Evacuate Collection Set: 0.74ms
[2024-04-02T16:03:12.888+0800][3.140s] GC(4)   Other: 0.11ms
[2024-04-02T16:03:12.888+0800][3.140s] GC(4) Eden regions: 80->0(296)
[2024-04-02T16:03:12.888+0800][3.140s] GC(4) Survivor regions: 6->11(11)
[2024-04-02T16:03:12.888+0800][3.140s] GC(4) Old regions: 18->20
[2024-04-02T16:03:12.888+0800][3.140s] GC(4) Humongous regions: 5->4
[2024-04-02T16:03:12.888+0800][3.140s] GC(4) Metaspace: 34472K(34880K)->34472K(34880K) NonClass: 30503K(30720K)->30503K(30720K) Class: 3969K(4160K)->3969K(4160K)
[2024-04-02T16:03:12.888+0800][3.140s] GC(4) Pause Young (Prepare Mixed) (G1 Evacuation Pause) 107M->34M(512M) 4.764ms
[2024-04-02T16:03:12.888+0800][3.140s] GC(4) User=0.00s Sys=0.00s Real=0.01s
[2024-04-02T16:03:12.990+0800][3.241s] GC(5) Pause Young (Mixed) (Metadata GC Threshold)
[2024-04-02T16:03:12.990+0800][3.241s] GC(5) Using 10 workers of 10 for evacuation
[2024-04-02T16:03:12.994+0800][3.245s] GC(5)   Pre Evacuate Collection Set: 0.16ms
[2024-04-02T16:03:12.994+0800][3.245s] GC(5)   Merge Heap Roots: 0.08ms
[2024-04-02T16:03:12.994+0800][3.245s] GC(5)   Evacuate Collection Set: 2.86ms
[2024-04-02T16:03:12.994+0800][3.245s] GC(5)   Post Evacuate Collection Set: 0.70ms
[2024-04-02T16:03:12.994+0800][3.245s] GC(5)   Other: 0.10ms
[2024-04-02T16:03:12.994+0800][3.245s] GC(5) Eden regions: 11->0(294)
[2024-04-02T16:03:12.994+0800][3.245s] GC(5) Survivor regions: 11->13(39)
[2024-04-02T16:03:12.994+0800][3.245s] GC(5) Old regions: 20->20
[2024-04-02T16:03:12.994+0800][3.245s] GC(5) Humongous regions: 5->4
[2024-04-02T16:03:12.994+0800][3.245s] GC(5) Metaspace: 36050K(36416K)->36050K(36416K) NonClass: 31838K(32000K)->31838K(32000K) Class: 4211K(4416K)->4211K(4416K)
[2024-04-02T16:03:12.994+0800][3.245s] GC(5) Pause Young (Mixed) (Metadata GC Threshold) 46M->35M(512M) 4.179ms
[2024-04-02T16:03:12.994+0800][3.245s] GC(5) User=0.02s Sys=0.00s Real=0.00s
[2024-04-02T16:03:13.020+0800][3.272s] GC(6) Pause Young (Concurrent Start) (Metadata GC Threshold)
[2024-04-02T16:03:13.020+0800][3.272s] GC(6) Using 10 workers of 10 for evacuation
[2024-04-02T16:03:13.024+0800][3.275s] GC(6)   Pre Evacuate Collection Set: 0.22ms
[2024-04-02T16:03:13.024+0800][3.275s] GC(6)   Merge Heap Roots: 0.08ms
[2024-04-02T16:03:13.024+0800][3.275s] GC(6)   Evacuate Collection Set: 2.68ms
[2024-04-02T16:03:13.024+0800][3.275s] GC(6)   Post Evacuate Collection Set: 0.49ms
[2024-04-02T16:03:13.024+0800][3.275s] GC(6)   Other: 0.11ms
[2024-04-02T16:03:13.024+0800][3.275s] GC(6) Eden regions: 3->0(294)
[2024-04-02T16:03:13.024+0800][3.275s] GC(6) Survivor regions: 13->13(39)
[2024-04-02T16:03:13.024+0800][3.275s] GC(6) Old regions: 20->20
[2024-04-02T16:03:13.024+0800][3.275s] GC(6) Humongous regions: 4->4
[2024-04-02T16:03:13.024+0800][3.275s] GC(6) Metaspace: 36392K(36736K)->36392K(36736K) NonClass: 32139K(32320K)->32139K(32320K) Class: 4253K(4416K)->4253K(4416K)
[2024-04-02T16:03:13.024+0800][3.275s] GC(6) Pause Young (Concurrent Start) (Metadata GC Threshold) 38M->36M(512M) 3.833ms
[2024-04-02T16:03:13.024+0800][3.275s] GC(6) User=0.00s Sys=0.00s Real=0.00s
[2024-04-02T16:03:13.024+0800][3.275s] GC(7) Concurrent Mark Cycle
[2024-04-02T16:03:13.024+0800][3.275s] GC(7) Concurrent Scan Root Regions
[2024-04-02T16:03:13.025+0800][3.277s] GC(7) Concurrent Scan Root Regions 1.464ms
[2024-04-02T16:03:13.025+0800][3.277s] GC(7) Concurrent Mark
[2024-04-02T16:03:13.025+0800][3.277s] GC(7) Concurrent Mark From Roots
[2024-04-02T16:03:13.025+0800][3.277s] GC(7) Using 3 workers of 3 for marking
[2024-04-02T16:03:13.035+0800][3.286s] GC(7) Concurrent Mark From Roots 9.112ms
[2024-04-02T16:03:13.035+0800][3.286s] GC(7) Concurrent Preclean
[2024-04-02T16:03:13.035+0800][3.286s] GC(7) Concurrent Preclean 0.052ms
[2024-04-02T16:03:13.035+0800][3.286s] GC(7) Pause Remark
[2024-04-02T16:03:13.037+0800][3.288s] GC(7) Pause Remark 38M->38M(512M) 1.965ms
[2024-04-02T16:03:13.037+0800][3.288s] GC(7) User=0.00s Sys=0.00s Real=0.00s
[2024-04-02T16:03:13.037+0800][3.288s] GC(7) Concurrent Mark 11.353ms
[2024-04-02T16:03:13.037+0800][3.288s] GC(7) Concurrent Rebuild Remembered Sets and Scrub Regions
[2024-04-02T16:03:13.041+0800][3.292s] GC(7) Concurrent Rebuild Remembered Sets and Scrub Regions 3.987ms
[2024-04-02T16:03:13.041+0800][3.292s] GC(7) Pause Cleanup
[2024-04-02T16:03:13.041+0800][3.293s] GC(7) Pause Cleanup 38M->38M(512M) 0.087ms
[2024-04-02T16:03:13.041+0800][3.293s] GC(7) User=0.00s Sys=0.00s Real=0.00s
[2024-04-02T16:03:13.041+0800][3.293s] GC(7) Concurrent Clear Claimed Marks
[2024-04-02T16:03:13.041+0800][3.293s] GC(7) Concurrent Clear Claimed Marks 0.037ms
[2024-04-02T16:03:13.041+0800][3.293s] GC(7) Concurrent Cleanup for Next Mark
[2024-04-02T16:03:13.042+0800][3.294s] GC(7) Concurrent Cleanup for Next Mark 1.074ms
[2024-04-02T16:03:13.042+0800][3.294s] GC(7) Concurrent Mark Cycle 18.347ms
